<?xml version="1.0" encoding="UTF-8"?>
<testng-results ignored="0" total="4" passed="4" failed="0" skipped="0">
  <reporter-output>
  </reporter-output>
  <suite started-at="2022-01-26T21:55:49 SAST" name="Main Test Suite" finished-at="2022-01-26T21:56:21 SAST" duration-ms="32543">
    <groups>
    </groups>
    <test started-at="2022-01-26T21:55:49 SAST" name="TestNG Test Group" finished-at="2022-01-26T21:56:21 SAST" duration-ms="32543">
      <class name="testNGLearning.testNGTests.TC1">
        <test-method is-config="true" signature="OpenBrowser()[pri:0, instance:testNGLearning.testNGTests.TC1@58065f0c]" started-at="2022-01-26T21:55:49 SAST" name="OpenBrowser" finished-at="2022-01-26T21:56:03 SAST" duration-ms="13831" status="PASS">
          <reporter-output>
          </reporter-output>
        </test-method> <!-- OpenBrowser -->
        <test-method is-config="true" signature="OpenAuth()[pri:0, instance:testNGLearning.testNGTests.TC1@58065f0c]" started-at="2022-01-26T21:56:03 SAST" name="OpenAuth" finished-at="2022-01-26T21:56:03 SAST" duration-ms="2" status="PASS">
          <reporter-output>
          </reporter-output>
        </test-method> <!-- OpenAuth -->
        <test-method signature="tc_report()[pri:0, instance:testNGLearning.testNGTests.TC1@58065f0c]" started-at="2022-01-26T21:56:03 SAST" name="tc_report" finished-at="2022-01-26T21:56:08 SAST" duration-ms="5052" status="PASS">
          <reporter-output>
          </reporter-output>
        </test-method> <!-- tc_report -->
        <test-method is-config="true" signature="CloseAuth()[pri:0, instance:testNGLearning.testNGTests.TC1@58065f0c]" started-at="2022-01-26T21:56:08 SAST" name="CloseAuth" finished-at="2022-01-26T21:56:08 SAST" duration-ms="1" status="PASS">
          <reporter-output>
          </reporter-output>
        </test-method> <!-- CloseAuth -->
        <test-method is-config="true" signature="OpenAuth()[pri:0, instance:testNGLearning.testNGTests.TC1@58065f0c]" started-at="2022-01-26T21:56:08 SAST" name="OpenAuth" finished-at="2022-01-26T21:56:08 SAST" duration-ms="1" status="PASS">
          <reporter-output>
          </reporter-output>
        </test-method> <!-- OpenAuth -->
        <test-method signature="testPageTitle()[pri:0, instance:testNGLearning.testNGTests.TC1@58065f0c]" started-at="2022-01-26T21:56:08 SAST" name="testPageTitle" finished-at="2022-01-26T21:56:13 SAST" duration-ms="5193" status="PASS">
          <reporter-output>
          </reporter-output>
        </test-method> <!-- testPageTitle -->
        <test-method is-config="true" signature="CloseAuth()[pri:0, instance:testNGLearning.testNGTests.TC1@58065f0c]" started-at="2022-01-26T21:56:13 SAST" name="CloseAuth" finished-at="2022-01-26T21:56:13 SAST" duration-ms="1" status="PASS">
          <reporter-output>
          </reporter-output>
        </test-method> <!-- CloseAuth -->
        <test-method is-config="true" signature="tearDown()[pri:0, instance:testNGLearning.testNGTests.TC1@58065f0c]" started-at="2022-01-26T21:56:13 SAST" name="tearDown" finished-at="2022-01-26T21:56:13 SAST" duration-ms="198" status="PASS">
          <reporter-output>
          </reporter-output>
        </test-method> <!-- tearDown -->
      </class> <!-- testNGLearning.testNGTests.TC1 -->
      <class name="testNGLearning.testNGTests.TC2">
        <test-method is-config="true" signature="OpenBrowser()[pri:0, instance:testNGLearning.testNGTests.TC2@77128dab]" started-at="2022-01-26T21:56:13 SAST" name="OpenBrowser" finished-at="2022-01-26T21:56:16 SAST" duration-ms="2665" status="PASS">
          <reporter-output>
          </reporter-output>
        </test-method> <!-- OpenBrowser -->
        <test-method is-config="true" signature="OpenAuth()[pri:0, instance:testNGLearning.testNGTests.TC2@77128dab]" started-at="2022-01-26T21:56:16 SAST" name="OpenAuth" finished-at="2022-01-26T21:56:16 SAST" duration-ms="0" status="PASS">
          <reporter-output>
          </reporter-output>
        </test-method> <!-- OpenAuth -->
        <test-method signature="tc_01()[pri:0, instance:testNGLearning.testNGTests.TC2@77128dab]" started-at="2022-01-26T21:56:16 SAST" name="tc_01" finished-at="2022-01-26T21:56:21 SAST" duration-ms="5009" status="PASS">
          <reporter-output>
          </reporter-output>
        </test-method> <!-- tc_01 -->
        <test-method is-config="true" signature="CloseAuth()[pri:0, instance:testNGLearning.testNGTests.TC2@77128dab]" started-at="2022-01-26T21:56:21 SAST" name="CloseAuth" finished-at="2022-01-26T21:56:21 SAST" duration-ms="0" status="PASS">
          <reporter-output>
          </reporter-output>
        </test-method> <!-- CloseAuth -->
        <test-method is-config="true" signature="OpenAuth()[pri:0, instance:testNGLearning.testNGTests.TC2@77128dab]" started-at="2022-01-26T21:56:21 SAST" name="OpenAuth" finished-at="2022-01-26T21:56:21 SAST" duration-ms="1" status="PASS">
          <reporter-output>
          </reporter-output>
        </test-method> <!-- OpenAuth -->
        <test-method signature="tc_02()[pri:0, instance:testNGLearning.testNGTests.TC2@77128dab]" started-at="2022-01-26T21:56:21 SAST" name="tc_02" finished-at="2022-01-26T21:56:21 SAST" duration-ms="2" status="PASS">
          <reporter-output>
          </reporter-output>
        </test-method> <!-- tc_02 -->
        <test-method is-config="true" signature="CloseAuth()[pri:0, instance:testNGLearning.testNGTests.TC2@77128dab]" started-at="2022-01-26T21:56:21 SAST" name="CloseAuth" finished-at="2022-01-26T21:56:21 SAST" duration-ms="1" status="PASS">
          <reporter-output>
          </reporter-output>
        </test-method> <!-- CloseAuth -->
        <test-method is-config="true" signature="tearDown()[pri:0, instance:testNGLearning.testNGTests.TC2@77128dab]" started-at="2022-01-26T21:56:21 SAST" name="tearDown" finished-at="2022-01-26T21:56:21 SAST" duration-ms="264" status="PASS">
          <reporter-output>
          </reporter-output>
        </test-method> <!-- tearDown -->
      </class> <!-- testNGLearning.testNGTests.TC2 -->
    </test> <!-- TestNG Test Group -->
  </suite> <!-- Main Test Suite -->
</testng-results>
