<?xml version="1.0" encoding="UTF-8"?>
<!-- Generated by org.testng.reporters.JUnitXMLReporter -->
<testsuite ignored="0" hostname="Hansies-MacBook-Air.local" failures="0" tests="4" name="TestNG Test Group" time="32.543" errors="0" timestamp="2022-01-26T21:56:21 SAST">
  <testcase classname="testNGLearning.testNGTests.TC1" name="tc_report" time="5.052"/>
  <testcase classname="testNGLearning.testNGTests.TC1" name="testPageTitle" time="5.193"/>
  <testcase classname="testNGLearning.testNGTests.TC2" name="tc_01" time="5.009"/>
  <testcase classname="testNGLearning.testNGTests.TC2" name="tc_02" time="0.002"/>
</testsuite> <!-- TestNG Test Group -->
